<?xml version="1.0" encoding="UTF-8"?>
<!-- Generated by org.testng.reporters.JUnitXMLReporter -->
<testsuite hostname="Be-Max" ignored="0" name="Regression Test" tests="7" failures="1" timestamp="14 Oct 2018 17:22:40 GMT" time="7.892" errors="0">
  <testcase name="@AfterMethod screenShootsOnFailure" time="1.225" classname="asala.test.AsalaTestBase">
    <failure type="org.openqa.selenium.WebDriverException" message="Failed to decode response from marionette
Build info: version: &amp;apos;3.14.0&amp;apos;, revision: &amp;apos;aacccce0&amp;apos;, time: &amp;apos;2018-08-02T20:19:58.91Z&amp;apos;
System info: host: &amp;apos;Be-Max&amp;apos;, ip: &amp;apos;127.0.1.1&amp;apos;, os.name: &amp;apos;Linux&amp;apos;, os.arch: &amp;apos;amd64&amp;apos;, os.version: &amp;apos;4.15.0-36-generic&amp;apos;, java.version: &amp;apos;1.8.0_181&amp;apos;
Driver info: org.openqa.selenium.firefox.FirefoxDriver
Capabilities {acceptInsecureCerts: true, browserName: firefox, browserVersion: 62.0.3, javascriptEnabled: true, moz:accessibilityChecks: false, moz:headless: false, moz:processID: 4240, moz:profile: /tmp/rust_mozprofile.6agE2J..., moz:useNonSpecCompliantPointerOrigin: false, moz:webdriverClick: true, pageLoadStrategy: normal, platform: LINUX, platformName: LINUX, platformVersion: 4.15.0-36-generic, rotatable: false, timeouts: {implicit: 0, pageLoad: 300000, script: 30000}}
Session ID: 75883e7f-6ad1-48aa-aa5a-d65a165f9fc3">
      <![CDATA[org.openqa.selenium.WebDriverException: Failed to decode response from marionette
Build info: version: '3.14.0', revision: 'aacccce0', time: '2018-08-02T20:19:58.91Z'
System info: host: 'Be-Max', ip: '127.0.1.1', os.name: 'Linux', os.arch: 'amd64', os.version: '4.15.0-36-generic', java.version: '1.8.0_181'
Driver info: org.openqa.selenium.firefox.FirefoxDriver
Capabilities {acceptInsecureCerts: true, browserName: firefox, browserVersion: 62.0.3, javascriptEnabled: true, moz:accessibilityChecks: false, moz:headless: false, moz:processID: 4240, moz:profile: /tmp/rust_mozprofile.6agE2J..., moz:useNonSpecCompliantPointerOrigin: false, moz:webdriverClick: true, pageLoadStrategy: normal, platform: LINUX, platformName: LINUX, platformVersion: 4.15.0-36-generic, rotatable: false, timeouts: {implicit: 0, pageLoad: 300000, script: 30000}}
Session ID: 75883e7f-6ad1-48aa-aa5a-d65a165f9fc3
at org.openqa.selenium.remote.http.W3CHttpResponseCodec.createException(W3CHttpResponseCodec.java:187)
at org.openqa.selenium.remote.http.W3CHttpResponseCodec.decode(W3CHttpResponseCodec.java:122)
at org.openqa.selenium.remote.http.W3CHttpResponseCodec.decode(W3CHttpResponseCodec.java:49)
at org.openqa.selenium.remote.HttpCommandExecutor.execute(HttpCommandExecutor.java:158)
at org.openqa.selenium.remote.service.DriverCommandExecutor.execute(DriverCommandExecutor.java:83)
at org.openqa.selenium.remote.RemoteWebDriver.execute(RemoteWebDriver.java:548)
at org.openqa.selenium.remote.RemoteWebDriver.execute(RemoteWebDriver.java:605)
at org.openqa.selenium.remote.RemoteWebDriver.getScreenshotAs(RemoteWebDriver.java:294)
at asala.utilities.AsalaHelper.caputreScreenShoot(AsalaHelper.java:23)
at asala.test.AsalaTestBase.screenShootsOnFailure(AsalaTestBase.java:55)
... Removed 36 stack frames]]>
    </failure>
  </testcase> <!-- @AfterMethod screenShootsOnFailure -->
  <testcase name="@AfterMethod screenShootsOnFailure" time="0.0" classname="asala.test.AsalaTestBase">
    <skipped/>
  </testcase> <!-- @AfterMethod screenShootsOnFailure -->
  <testcase name="@AfterMethod screenShootsOnFailure" time="0.0" classname="asala.test.AsalaTestBase">
    <skipped/>
  </testcase> <!-- @AfterMethod screenShootsOnFailure -->
  <testcase name="@AfterMethod screenShootsOnFailure" time="0.0" classname="asala.test.AsalaTestBase">
    <skipped/>
  </testcase> <!-- @AfterMethod screenShootsOnFailure -->
  <testcase name="@AfterMethod screenShootsOnFailure" time="0.0" classname="asala.test.AsalaTestBase">
    <skipped/>
  </testcase> <!-- @AfterMethod screenShootsOnFailure -->
  <testcase name="@AfterMethod screenShootsOnFailure" time="0.0" classname="asala.test.AsalaTestBase">
    <skipped/>
  </testcase> <!-- @AfterMethod screenShootsOnFailure -->
  <testcase name="@AfterMethod screenShootsOnFailure" time="0.0" classname="asala.test.AsalaTestBase">
    <skipped/>
  </testcase> <!-- @AfterMethod screenShootsOnFailure -->
  <testcase name="AddEmailEmptyAndPassword" time="6.613" classname="asala.test.AsalaLoginTest">
    <failure type="org.openqa.selenium.WebDriverException" message="Failed to convert data to an object
Build info: version: &amp;apos;3.14.0&amp;apos;, revision: &amp;apos;aacccce0&amp;apos;, time: &amp;apos;2018-08-02T20:19:58.91Z&amp;apos;
System info: host: &amp;apos;Be-Max&amp;apos;, ip: &amp;apos;127.0.1.1&amp;apos;, os.name: &amp;apos;Linux&amp;apos;, os.arch: &amp;apos;amd64&amp;apos;, os.version: &amp;apos;4.15.0-36-generic&amp;apos;, java.version: &amp;apos;1.8.0_181&amp;apos;
Driver info: org.openqa.selenium.firefox.FirefoxDriver
Capabilities {acceptInsecureCerts: true, browserName: firefox, browserVersion: 62.0.3, javascriptEnabled: true, moz:accessibilityChecks: false, moz:headless: false, moz:processID: 4240, moz:profile: /tmp/rust_mozprofile.6agE2J..., moz:useNonSpecCompliantPointerOrigin: false, moz:webdriverClick: true, pageLoadStrategy: normal, platform: LINUX, platformName: LINUX, platformVersion: 4.15.0-36-generic, rotatable: false, timeouts: {implicit: 0, pageLoad: 300000, script: 30000}}
Session ID: 75883e7f-6ad1-48aa-aa5a-d65a165f9fc3
*** Element info: {Using=css selector, value=#root &amp;gt; div &amp;gt; div &amp;gt; div.login-box-body &amp;gt; form &amp;gt; div:nth-child(1) &amp;gt; input}">
      <![CDATA[org.openqa.selenium.WebDriverException: Failed to convert data to an object
Build info: version: '3.14.0', revision: 'aacccce0', time: '2018-08-02T20:19:58.91Z'
System info: host: 'Be-Max', ip: '127.0.1.1', os.name: 'Linux', os.arch: 'amd64', os.version: '4.15.0-36-generic', java.version: '1.8.0_181'
Driver info: org.openqa.selenium.firefox.FirefoxDriver
Capabilities {acceptInsecureCerts: true, browserName: firefox, browserVersion: 62.0.3, javascriptEnabled: true, moz:accessibilityChecks: false, moz:headless: false, moz:processID: 4240, moz:profile: /tmp/rust_mozprofile.6agE2J..., moz:useNonSpecCompliantPointerOrigin: false, moz:webdriverClick: true, pageLoadStrategy: normal, platform: LINUX, platformName: LINUX, platformVersion: 4.15.0-36-generic, rotatable: false, timeouts: {implicit: 0, pageLoad: 300000, script: 30000}}
Session ID: 75883e7f-6ad1-48aa-aa5a-d65a165f9fc3
*** Element info: {Using=css selector, value=#root > div > div > div.login-box-body > form > div:nth-child(1) > input}
at org.openqa.selenium.remote.http.W3CHttpResponseCodec.createException(W3CHttpResponseCodec.java:187)
at org.openqa.selenium.remote.http.W3CHttpResponseCodec.decode(W3CHttpResponseCodec.java:122)
at org.openqa.selenium.remote.http.W3CHttpResponseCodec.decode(W3CHttpResponseCodec.java:49)
at org.openqa.selenium.remote.HttpCommandExecutor.execute(HttpCommandExecutor.java:158)
at org.openqa.selenium.remote.service.DriverCommandExecutor.execute(DriverCommandExecutor.java:83)
at org.openqa.selenium.remote.RemoteWebDriver.execute(RemoteWebDriver.java:548)
at org.openqa.selenium.remote.RemoteWebDriver.findElement(RemoteWebDriver.java:322)
at org.openqa.selenium.remote.RemoteWebDriver.findElementByCssSelector(RemoteWebDriver.java:416)
at org.openqa.selenium.By$ByCssSelector.findElement(By.java:431)
at org.openqa.selenium.remote.RemoteWebDriver.findElement(RemoteWebDriver.java:314)
at org.openqa.selenium.support.pagefactory.DefaultElementLocator.findElement(DefaultElementLocator.java:69)
at org.openqa.selenium.support.pagefactory.internal.LocatingElementHandler.invoke(LocatingElementHandler.java:38)
at com.sun.proxy.$Proxy10.sendKeys(Unknown Source)
at asala.pages.AsalaPageBase.setTextElementText(AsalaPageBase.java:30)
at asala.pages.AsalaLoginPage.AddEmail(AsalaLoginPage.java:44)
at asala.test.AsalaLoginTest.AddEmailEmptyAndPassword(AsalaLoginTest.java:17)
... Removed 33 stack frames]]>
    </failure>
  </testcase> <!-- AddEmailEmptyAndPassword -->
  <testcase name="AddEmailEmptyButAddPasword" time="0.0" classname="asala.test.AsalaLoginTest">
    <skipped/>
  </testcase> <!-- AddEmailEmptyButAddPasword -->
  <testcase name="AddEmailButAddPaswordEmpty" time="0.0" classname="asala.test.AsalaLoginTest">
    <skipped/>
  </testcase> <!-- AddEmailButAddPaswordEmpty -->
  <testcase name="AddWrongEmailButVaildPassword" time="0.0" classname="asala.test.AsalaLoginTest">
    <skipped/>
  </testcase> <!-- AddWrongEmailButVaildPassword -->
  <testcase name="AddValidEmailButWrongPasswordPassword" time="0.0" classname="asala.test.AsalaLoginTest">
    <skipped/>
  </testcase> <!-- AddValidEmailButWrongPasswordPassword -->
  <testcase name="AddValidEmailAndPasswordInActiveUSer" time="0.0" classname="asala.test.AsalaLoginTest">
    <skipped/>
  </testcase> <!-- AddValidEmailAndPasswordInActiveUSer -->
  <testcase name="AddValidEmailAndPasswordActiveUSerSuperAdmin" time="0.0" classname="asala.test.AsalaLoginTest">
    <skipped/>
  </testcase> <!-- AddValidEmailAndPasswordActiveUSerSuperAdmin -->
</testsuite> <!-- Regression Test -->
